Using pre-set license
Built from '2020.3/release' branch; Version is '2020.3.1f1 (77a89f25062f) revision 7841951'; Using compiler version '192528614'; Build Type 'Release'
OS: 'Windows 10 Home; OS build 19041.867; Version 2004; 64bit' Language: 'ru' Physical Memory: 7973 MB
BatchMode: 1, IsHumanControllingUs: 0, StartBugReporterOnCrash: 0, Is64bit: 1, IsPro: 0

 COMMAND LINE ARGUMENTS:
C:\Program Files\Unity\Hub\Editor\2020.3.1f1\Editor\Unity.exe
-adb2
-batchMode
-noUpm
-name
AssetImportWorker0
-projectPath
C:/Users/Nikit/OneDrive/Рабочий стол/Моя первая игра/Голббоссовские посиделки
-logFile
Logs/AssetImportWorker0.log
-srvPort
50142
Successfully changed project path to: C:/Users/Nikit/OneDrive/Рабочий стол/Моя первая игра/Голббоссовские посиделки
C:/Users/Nikit/OneDrive/Рабочий стол/Моя первая игра/Голббоссовские посиделки
Using Asset Import Pipeline V2.
Refreshing native plugins compatible for Editor in 78.92 ms, found 1 plugins.
Preloading 0 native plugins for Editor in 0.00 ms.
Initialize engine version: 2020.3.1f1 (77a89f25062f)
[Subsystems] Discovering subsystems at path C:/Program Files/Unity/Hub/Editor/2020.3.1f1/Editor/Data/Resources/UnitySubsystems
[Subsystems] Discovering subsystems at path C:/Users/Nikit/OneDrive/Рабочий стол/Моя первая игра/Голббоссовские посиделки/Assets
GfxDevice: creating device client; threaded=0
Direct3D:
    Version:  Direct3D 11.0 [level 11.0]
    Renderer: NVIDIA GeForce GT 640M (ID=0xfd2)
    Vendor:   
    VRAM:     984 MB
    Driver:   24.21.13.9898
Initialize mono
Mono path[0] = 'C:/Program Files/Unity/Hub/Editor/2020.3.1f1/Editor/Data/Managed'
Mono path[1] = 'C:/Program Files/Unity/Hub/Editor/2020.3.1f1/Editor/Data/MonoBleedingEdge/lib/mono/unityjit'
Mono config path = 'C:/Program Files/Unity/Hub/Editor/2020.3.1f1/Editor/Data/MonoBleedingEdge/etc'
Using monoOptions --debugger-agent=transport=dt_socket,embedding=1,server=y,suspend=n,address=127.0.0.1:56380
Begin MonoManager ReloadAssembly
Registering precompiled unity dll's ...
Register platform support module: C:/Program Files/Unity/Hub/Editor/2020.3.1f1/Editor/Data/PlaybackEngines/WindowsStandaloneSupport/UnityEditor.WindowsStandalone.Extensions.dll
Registered in 0.008691 seconds.
Native extension for WindowsStandalone target not found
Refreshing native plugins compatible for Editor in 98.61 ms, found 1 plugins.
Preloading 0 native plugins for Editor in 0.00 ms.
Invoked RoslynAnalysisRunner static constructor.
RoslynAnalysisRunner will not be running.
RoslynAnalysisRunner has terminated.
Mono: successfully reloaded assembly
- Completed reload, in  2.938 seconds
Platform modules already initialized, skipping
Registering precompiled user dll's ...
Registered in 0.003113 seconds.
Begin MonoManager ReloadAssembly
Native extension for WindowsStandalone target not found
Refreshing native plugins compatible for Editor in 100.73 ms, found 1 plugins.
Preloading 0 native plugins for Editor in 0.00 ms.
Invoked RoslynAnalysisRunner static constructor.
RoslynAnalysisRunner will not be running.
RoslynAnalysisRunner has terminated.
Mono: successfully reloaded assembly
- Completed reload, in  2.634 seconds
Platform modules already initialized, skipping
========================================================================
Worker process is ready to serve import requests
Launched and connected shader compiler UnityShaderCompiler.exe after 0.12 seconds
Refreshing native plugins compatible for Editor in 0.95 ms, found 1 plugins.
Preloading 0 native plugins for Editor in 0.00 ms.
Unloading 1806 Unused Serialized files (Serialized files now loaded: 0)
System memory in use before: 85.6 MB.
System memory in use after: 85.5 MB.

Unloading 24 unused Assets to reduce memory usage. Loaded Objects now: 2249.
Total: 8.105600 ms (FindLiveObjects: 1.055900 ms CreateObjectMapping: 0.817400 ms MarkObjects: 5.889000 ms  DeleteObjects: 0.335700 ms)

========================================================================
Received Import Request.
  path: Assets/Sprites/Characters/Red Haired Boy/Idle/frame-1.png
  artifactKey: Guid(8e089daac4ea52740bfcd141a0874207) Importer(815301076,1909f56bfc062723c751e8b465ee728b)
Start importing Assets/Sprites/Characters/Red Haired Boy/Idle/frame-1.png using Guid(8e089daac4ea52740bfcd141a0874207) Importer(815301076,1909f56bfc062723c751e8b465ee728b)  -> (artifact id: 'f8d49b1b9402ff884c8ef94bc8954a0b') in 0.343745 seconds
  Import took 0.362429 seconds .

========================================================================
Received Import Request.
  Time since last request: 210.620155 seconds.
  path: Assets/Sprites/Monsters/Dark Monster
  artifactKey: Guid(06811dfc49b1aa94983694d0dcffb207) Importer(815301076,1909f56bfc062723c751e8b465ee728b)
Start importing Assets/Sprites/Monsters/Dark Monster using Guid(06811dfc49b1aa94983694d0dcffb207) Importer(815301076,1909f56bfc062723c751e8b465ee728b)  -> (artifact id: 'd149a693bce1fa8b24fabf3e2c756aa0') in 0.029545 seconds
  Import took 0.041267 seconds .

========================================================================
Received Import Request.
  Time since last request: 0.085190 seconds.
  path: Assets/Sprites/Monsters/Dark Monster/frame1.png
  artifactKey: Guid(ca9a3fd9364c4f74ba7a0b797560f4ac) Importer(815301076,1909f56bfc062723c751e8b465ee728b)
Start importing Assets/Sprites/Monsters/Dark Monster/frame1.png using Guid(ca9a3fd9364c4f74ba7a0b797560f4ac) Importer(815301076,1909f56bfc062723c751e8b465ee728b)  -> (artifact id: 'f7fb23ce01c58c20e3d227981aaa8730') in 0.049374 seconds
  Import took 0.063700 seconds .

========================================================================
Received Import Request.
  Time since last request: 0.000356 seconds.
  path: Assets/Sprites/Monsters/Dark Monster/frame2.png
  artifactKey: Guid(33a0266d7c8419f469a922b38967d072) Importer(815301076,1909f56bfc062723c751e8b465ee728b)
Start importing Assets/Sprites/Monsters/Dark Monster/frame2.png using Guid(33a0266d7c8419f469a922b38967d072) Importer(815301076,1909f56bfc062723c751e8b465ee728b)  -> (artifact id: '3cdec2653c5932421aad611ad18b2b7a') in 0.073437 seconds
  Import took 0.090448 seconds .

========================================================================
Received Import Request.
  Time since last request: 16.775572 seconds.
  path: Assets/Sprites/Monsters/Fly Red/Flying
  artifactKey: Guid(0d72b0eea2bd6d54e929fcc3b04e4b4d) Importer(815301076,1909f56bfc062723c751e8b465ee728b)
Start importing Assets/Sprites/Monsters/Fly Red/Flying using Guid(0d72b0eea2bd6d54e929fcc3b04e4b4d) Importer(815301076,1909f56bfc062723c751e8b465ee728b)  -> (artifact id: 'fa37e2509395fa3170529fb22d2265da') in 0.032991 seconds
  Import took 0.049325 seconds .

========================================================================
Received Import Request.
  Time since last request: 1.083778 seconds.
  path: Assets/Sprites/Monsters/Fly Red/Flying/frame-1.png
  artifactKey: Guid(8807d4c704a56f64688b11f7541428cf) Importer(815301076,1909f56bfc062723c751e8b465ee728b)
Start importing Assets/Sprites/Monsters/Fly Red/Flying/frame-1.png using Guid(8807d4c704a56f64688b11f7541428cf) Importer(815301076,1909f56bfc062723c751e8b465ee728b)  -> (artifact id: '6f29dfa3f2044cbc084275de44e4ec13') in 0.073351 seconds
  Import took 0.084918 seconds .

========================================================================
Received Import Request.
  Time since last request: 0.000372 seconds.
  path: Assets/Sprites/Monsters/Fly Red/Flying/frame-2.png
  artifactKey: Guid(8335d10f18d157a4aa03485805b05e2b) Importer(815301076,1909f56bfc062723c751e8b465ee728b)
Start importing Assets/Sprites/Monsters/Fly Red/Flying/frame-2.png using Guid(8335d10f18d157a4aa03485805b05e2b) Importer(815301076,1909f56bfc062723c751e8b465ee728b)  -> (artifact id: '7c4a2390dcc833650bbbc79b2763712e') in 0.088282 seconds
  Import took 0.102257 seconds .

========================================================================
Received Import Request.
  Time since last request: 4.605222 seconds.
  path: Assets/Sprites/Monsters/Fly Red/Get Hit/frame-1.png
  artifactKey: Guid(81561da55f30e8c4098efec96859b23a) Importer(815301076,1909f56bfc062723c751e8b465ee728b)
Start importing Assets/Sprites/Monsters/Fly Red/Get Hit/frame-1.png using Guid(81561da55f30e8c4098efec96859b23a) Importer(815301076,1909f56bfc062723c751e8b465ee728b)  -> (artifact id: '5e2869e76aa5a1e1ddb3a948662a3f7e') in 0.058745 seconds
  Import took 0.069984 seconds .

========================================================================
Received Import Request.
  Time since last request: 0.000344 seconds.
  path: Assets/Sprites/Monsters/Fly Red/Get Hit/frame-2.png
  artifactKey: Guid(092dcc260cb25c64d83a608ee3ddf4cf) Importer(815301076,1909f56bfc062723c751e8b465ee728b)
Start importing Assets/Sprites/Monsters/Fly Red/Get Hit/frame-2.png using Guid(092dcc260cb25c64d83a608ee3ddf4cf) Importer(815301076,1909f56bfc062723c751e8b465ee728b)  -> (artifact id: '4e316121c1ce69754ac62c54c1a85f51') in 0.092576 seconds
  Import took 0.102739 seconds .

========================================================================
Received Import Request.
  Time since last request: 5.038112 seconds.
  path: Assets/Sprites/Monsters/Grumpy Bird/Fly
  artifactKey: Guid(49351c8359698d043b938d7aea360882) Importer(815301076,1909f56bfc062723c751e8b465ee728b)
Start importing Assets/Sprites/Monsters/Grumpy Bird/Fly using Guid(49351c8359698d043b938d7aea360882) Importer(815301076,1909f56bfc062723c751e8b465ee728b)  -> (artifact id: 'fd81d44758fd3e719808295374abffe2') in 0.025160 seconds
  Import took 0.034332 seconds .

========================================================================
Received Import Request.
  Time since last request: 0.132429 seconds.
  path: Assets/Sprites/Monsters/Grumpy Bird/Fly/frame-1.png
  artifactKey: Guid(852943d95d9ead04080a45bfd9f88d75) Importer(815301076,1909f56bfc062723c751e8b465ee728b)
Start importing Assets/Sprites/Monsters/Grumpy Bird/Fly/frame-1.png using Guid(852943d95d9ead04080a45bfd9f88d75) Importer(815301076,1909f56bfc062723c751e8b465ee728b)  -> (artifact id: '1162cc3eaa59982f1d9f614967921b16') in 0.065326 seconds
  Import took 0.073713 seconds .

========================================================================
Received Import Request.
  Time since last request: 0.000456 seconds.
  path: Assets/Sprites/Monsters/Grumpy Bird/Fly/frame-5.png
  artifactKey: Guid(753173e1d6eca964ba67d15d64df33e0) Importer(815301076,1909f56bfc062723c751e8b465ee728b)
Start importing Assets/Sprites/Monsters/Grumpy Bird/Fly/frame-5.png using Guid(753173e1d6eca964ba67d15d64df33e0) Importer(815301076,1909f56bfc062723c751e8b465ee728b)  -> (artifact id: '66f96734851ff1d4edcc81a62af8b7a0') in 0.064329 seconds
  Import took 0.082403 seconds .

========================================================================
Received Import Request.
  Time since last request: 0.000296 seconds.
  path: Assets/Sprites/Monsters/Grumpy Bird/Fly/frame-3.png
  artifactKey: Guid(9cad7a6663db3d04893a9ae00a392d5b) Importer(815301076,1909f56bfc062723c751e8b465ee728b)
Start importing Assets/Sprites/Monsters/Grumpy Bird/Fly/frame-3.png using Guid(9cad7a6663db3d04893a9ae00a392d5b) Importer(815301076,1909f56bfc062723c751e8b465ee728b)  -> (artifact id: 'b45d45fc53b2fcbecfaddac7e8dc9722') in 0.065313 seconds
  Import took 0.072479 seconds .

========================================================================
Received Import Request.
  Time since last request: 0.000292 seconds.
  path: Assets/Sprites/Monsters/Grumpy Bird/Fly/frame-6.png
  artifactKey: Guid(5ca160cf9e9f07145bfc0245bb3a3548) Importer(815301076,1909f56bfc062723c751e8b465ee728b)
Start importing Assets/Sprites/Monsters/Grumpy Bird/Fly/frame-6.png using Guid(5ca160cf9e9f07145bfc0245bb3a3548) Importer(815301076,1909f56bfc062723c751e8b465ee728b)  -> (artifact id: 'b92d1383f4ab12ae63731b45e72dc800') in 0.066922 seconds
  Import took 0.082993 seconds .

========================================================================
Received Import Request.
  Time since last request: 0.000387 seconds.
  path: Assets/Sprites/Monsters/Grumpy Bird/Fly/frame-7.png
  artifactKey: Guid(caf787a476deb6446aae9bbd6caed6ed) Importer(815301076,1909f56bfc062723c751e8b465ee728b)
Start importing Assets/Sprites/Monsters/Grumpy Bird/Fly/frame-7.png using Guid(caf787a476deb6446aae9bbd6caed6ed) Importer(815301076,1909f56bfc062723c751e8b465ee728b)  -> (artifact id: '9bc242dca7965eb7b6258a529a90e997') in 0.082648 seconds
  Import took 0.095444 seconds .

========================================================================
Received Import Request.
  Time since last request: 0.000338 seconds.
  path: Assets/Sprites/Monsters/Grumpy Bird/Fly/frame-8.png
  artifactKey: Guid(91e196d5c6afe054aa147322db425556) Importer(815301076,1909f56bfc062723c751e8b465ee728b)
Start importing Assets/Sprites/Monsters/Grumpy Bird/Fly/frame-8.png using Guid(91e196d5c6afe054aa147322db425556) Importer(815301076,1909f56bfc062723c751e8b465ee728b)  -> (artifact id: '2a244b08d36efb45e6a0f950b4d8d7b0') in 0.081859 seconds
  Import took 0.093438 seconds .

========================================================================
Received Import Request.
  Time since last request: 0.000383 seconds.
  path: Assets/Sprites/Monsters/Grumpy Bird/Fly/frame-2.png
  artifactKey: Guid(5284f049eac9264498275c3a5ad12249) Importer(815301076,1909f56bfc062723c751e8b465ee728b)
Start importing Assets/Sprites/Monsters/Grumpy Bird/Fly/frame-2.png using Guid(5284f049eac9264498275c3a5ad12249) Importer(815301076,1909f56bfc062723c751e8b465ee728b)  -> (artifact id: '7138a78f2c5353eb4f791287d6fdb8a1') in 0.068585 seconds
  Import took 0.078039 seconds .

========================================================================
Received Import Request.
  Time since last request: 0.000317 seconds.
  path: Assets/Sprites/Monsters/Grumpy Bird/Fly/frame-4.png
  artifactKey: Guid(ff2235f8e1590254cbc6c9634a368f0b) Importer(815301076,1909f56bfc062723c751e8b465ee728b)
Start importing Assets/Sprites/Monsters/Grumpy Bird/Fly/frame-4.png using Guid(ff2235f8e1590254cbc6c9634a368f0b) Importer(815301076,1909f56bfc062723c751e8b465ee728b)  -> (artifact id: 'ee131a508ea641d91a7d99951c57cead') in 0.087823 seconds
  Import took 0.096783 seconds .

========================================================================
Received Import Request.
  Time since last request: 2.867107 seconds.
  path: Assets/Sprites/Monsters/Horns Skull/Got Hit
  artifactKey: Guid(799e0b431ccaeb442abb01b3d11e0a68) Importer(815301076,1909f56bfc062723c751e8b465ee728b)
Start importing Assets/Sprites/Monsters/Horns Skull/Got Hit using Guid(799e0b431ccaeb442abb01b3d11e0a68) Importer(815301076,1909f56bfc062723c751e8b465ee728b)  -> (artifact id: '2a241383869d986fbb95ecf7bb753bc5') in 0.027095 seconds
  Import took 0.035375 seconds .

========================================================================
Received Import Request.
  Time since last request: 0.080145 seconds.
  path: Assets/Sprites/Monsters/Horns Skull/Got Hit/frame.png
  artifactKey: Guid(4a6dc949029b7294aa5b301789bb1dc8) Importer(815301076,1909f56bfc062723c751e8b465ee728b)
Start importing Assets/Sprites/Monsters/Horns Skull/Got Hit/frame.png using Guid(4a6dc949029b7294aa5b301789bb1dc8) Importer(815301076,1909f56bfc062723c751e8b465ee728b)  -> (artifact id: '48af81ca2efafe3b19c06f1b545f3d05') in 0.082888 seconds
  Import took 0.098399 seconds .

========================================================================
Received Import Request.
  Time since last request: 1.599137 seconds.
  path: Assets/Sprites/Monsters/Horns Skull/Idle/frame-1.png
  artifactKey: Guid(8c1f599bb3172984e865b514716913e3) Importer(815301076,1909f56bfc062723c751e8b465ee728b)
Start importing Assets/Sprites/Monsters/Horns Skull/Idle/frame-1.png using Guid(8c1f599bb3172984e865b514716913e3) Importer(815301076,1909f56bfc062723c751e8b465ee728b)  -> (artifact id: '131732576c1b136c292f4cd6b069f119') in 0.055177 seconds
  Import took 0.062877 seconds .

========================================================================
Received Import Request.
  Time since last request: 0.000342 seconds.
  path: Assets/Sprites/Monsters/Horns Skull/Idle/frame-2.png
  artifactKey: Guid(685c03092ef7e124fb0147bcb6e3dfb8) Importer(815301076,1909f56bfc062723c751e8b465ee728b)
Start importing Assets/Sprites/Monsters/Horns Skull/Idle/frame-2.png using Guid(685c03092ef7e124fb0147bcb6e3dfb8) Importer(815301076,1909f56bfc062723c751e8b465ee728b)  -> (artifact id: '7ecad23ac6690421d8ad7ff23ea2dbf2') in 0.081240 seconds
  Import took 0.093742 seconds .

========================================================================
Received Import Request.
  Time since last request: 10.963719 seconds.
  path: Assets/Sprites/Monsters/Monster Blue/Got Hit
  artifactKey: Guid(8f19ac086b7ae4549922f6e0773e720b) Importer(815301076,1909f56bfc062723c751e8b465ee728b)
Start importing Assets/Sprites/Monsters/Monster Blue/Got Hit using Guid(8f19ac086b7ae4549922f6e0773e720b) Importer(815301076,1909f56bfc062723c751e8b465ee728b)  -> (artifact id: 'e91e26408c7fc74a68ecef201e58c1c3') in 0.024022 seconds
  Import took 0.031839 seconds .

========================================================================
Received Import Request.
  Time since last request: 0.069131 seconds.
  path: Assets/Sprites/Monsters/Monster Blue/Got Hit/frame-1.png
  artifactKey: Guid(9d835f4aaddf626488d45b3594fae640) Importer(815301076,1909f56bfc062723c751e8b465ee728b)
Start importing Assets/Sprites/Monsters/Monster Blue/Got Hit/frame-1.png using Guid(9d835f4aaddf626488d45b3594fae640) Importer(815301076,1909f56bfc062723c751e8b465ee728b)  -> (artifact id: 'd5ce35fd99a7b4ce52ad764821aadc2f') in 0.052172 seconds
  Import took 0.059187 seconds .

========================================================================
Received Import Request.
  Time since last request: 0.000302 seconds.
  path: Assets/Sprites/Monsters/Monster Blue/Got Hit/frame-2.png
  artifactKey: Guid(aeb0f711df207694eb18f05fb2e9bcea) Importer(815301076,1909f56bfc062723c751e8b465ee728b)
Start importing Assets/Sprites/Monsters/Monster Blue/Got Hit/frame-2.png using Guid(aeb0f711df207694eb18f05fb2e9bcea) Importer(815301076,1909f56bfc062723c751e8b465ee728b)  -> (artifact id: '24d0c58a4e3da121d2b169c399c81b13') in 0.062129 seconds
  Import took 0.070058 seconds .

========================================================================
Received Import Request.
  Time since last request: 1484.413938 seconds.
  path: Assets/Sprites/Monsters/Monster Blue/Idle/frame-1.png
  artifactKey: Guid(ce409b30bc7d77749a604cb6f8740629) Importer(815301076,1909f56bfc062723c751e8b465ee728b)
Start importing Assets/Sprites/Monsters/Monster Blue/Idle/frame-1.png using Guid(ce409b30bc7d77749a604cb6f8740629) Importer(815301076,1909f56bfc062723c751e8b465ee728b)  -> (artifact id: 'c70f585d6f73b231360218bc67c7bc28') in 0.062435 seconds
  Import took 0.077327 seconds .

========================================================================
Received Import Request.
  Time since last request: 0.000344 seconds.
  path: Assets/Sprites/Monsters/Monster Blue/Idle/frame-2.png
  artifactKey: Guid(f2264dad2f2f3b1438b608cf8a41f97e) Importer(815301076,1909f56bfc062723c751e8b465ee728b)
Start importing Assets/Sprites/Monsters/Monster Blue/Idle/frame-2.png using Guid(f2264dad2f2f3b1438b608cf8a41f97e) Importer(815301076,1909f56bfc062723c751e8b465ee728b)  -> (artifact id: '26afe501cd385cc94304dc241fa7b450') in 0.069681 seconds
  Import took 0.085497 seconds .

========================================================================
Received Import Request.
  Time since last request: 44.174287 seconds.
  path: Assets/Sprites/Monsters/Monster Dark Blue/Got Hit
  artifactKey: Guid(3027177cfba05ba458c236d50295d618) Importer(815301076,1909f56bfc062723c751e8b465ee728b)
Start importing Assets/Sprites/Monsters/Monster Dark Blue/Got Hit using Guid(3027177cfba05ba458c236d50295d618) Importer(815301076,1909f56bfc062723c751e8b465ee728b)  -> (artifact id: '3df0a6cddf0b85857e89744af3a081a1') in 0.083895 seconds
  Import took 0.105019 seconds .

========================================================================
Received Import Request.
  Time since last request: 0.000309 seconds.
  path: Assets/Sprites/Monsters/Monster Dark Blue/Got Hit/frame.png
  artifactKey: Guid(70bba1b473ff22b41834db06ad0eef1a) Importer(815301076,1909f56bfc062723c751e8b465ee728b)
Start importing Assets/Sprites/Monsters/Monster Dark Blue/Got Hit/frame.png using Guid(70bba1b473ff22b41834db06ad0eef1a) Importer(815301076,1909f56bfc062723c751e8b465ee728b)  -> (artifact id: '578ba71cc6d0fcca0c59abbcee8dab4b') in 0.061351 seconds
  Import took 0.173863 seconds .

========================================================================
Received Import Request.
  Time since last request: 14.847755 seconds.
  path: Assets/Sprites/Monsters/Monster Dark Blue/Idle/frame-1.png
  artifactKey: Guid(8e59faaa3afefd94ab659f6698e92bb2) Importer(815301076,1909f56bfc062723c751e8b465ee728b)
Start importing Assets/Sprites/Monsters/Monster Dark Blue/Idle/frame-1.png using Guid(8e59faaa3afefd94ab659f6698e92bb2) Importer(815301076,1909f56bfc062723c751e8b465ee728b)  -> (artifact id: '71186de0794b9d62d7cad362b1d8f231') in 0.044484 seconds
  Import took 0.054906 seconds .

========================================================================
Received Import Request.
  Time since last request: 0.000547 seconds.
  path: Assets/Sprites/Monsters/Monster Dark Blue/Idle/frame-2.png
  artifactKey: Guid(4c30d2692446d3c4a8ea61eeea003be3) Importer(815301076,1909f56bfc062723c751e8b465ee728b)
Start importing Assets/Sprites/Monsters/Monster Dark Blue/Idle/frame-2.png using Guid(4c30d2692446d3c4a8ea61eeea003be3) Importer(815301076,1909f56bfc062723c751e8b465ee728b)  -> (artifact id: 'db95082e1415482c88dc648af5977577') in 0.087544 seconds
  Import took 0.098985 seconds .

========================================================================
Received Import Request.
  Time since last request: 2.315059 seconds.
  path: Assets/Sprites/Monsters/Monster Orange/Got Hit
  artifactKey: Guid(b4e51126b786ec34b9229a3235950996) Importer(815301076,1909f56bfc062723c751e8b465ee728b)
Start importing Assets/Sprites/Monsters/Monster Orange/Got Hit using Guid(b4e51126b786ec34b9229a3235950996) Importer(815301076,1909f56bfc062723c751e8b465ee728b)  -> (artifact id: 'b5115be4f4bcdf279b8e80bb0d4afc3b') in 0.028861 seconds
  Import took 0.044790 seconds .

========================================================================
Received Import Request.
  Time since last request: 0.088483 seconds.
  path: Assets/Sprites/Monsters/Monster Orange/Got Hit/frame.png
  artifactKey: Guid(41db4c0b505ffce40b4b821242e17dc7) Importer(815301076,1909f56bfc062723c751e8b465ee728b)
Start importing Assets/Sprites/Monsters/Monster Orange/Got Hit/frame.png using Guid(41db4c0b505ffce40b4b821242e17dc7) Importer(815301076,1909f56bfc062723c751e8b465ee728b)  -> (artifact id: '26d5515244135565007b772f527d8a95') in 0.050647 seconds
  Import took 0.067893 seconds .

========================================================================
Received Import Request.
  Time since last request: 1.565296 seconds.
  path: Assets/Sprites/Monsters/Monster Orange/Idle/frame-1.png
  artifactKey: Guid(a7828365b82f3d345ba8ec152d11ddd6) Importer(815301076,1909f56bfc062723c751e8b465ee728b)
Start importing Assets/Sprites/Monsters/Monster Orange/Idle/frame-1.png using Guid(a7828365b82f3d345ba8ec152d11ddd6) Importer(815301076,1909f56bfc062723c751e8b465ee728b)  -> (artifact id: '32df94fdddf30ff20162756626f289f2') in 0.050112 seconds
  Import took 0.060078 seconds .

========================================================================
Received Import Request.
  Time since last request: 0.000398 seconds.
  path: Assets/Sprites/Monsters/Monster Orange/Idle/frame-2.png
  artifactKey: Guid(964f7efa3433c3e449837b3a45ebbfff) Importer(815301076,1909f56bfc062723c751e8b465ee728b)
Start importing Assets/Sprites/Monsters/Monster Orange/Idle/frame-2.png using Guid(964f7efa3433c3e449837b3a45ebbfff) Importer(815301076,1909f56bfc062723c751e8b465ee728b)  -> (artifact id: 'ff00e6d0537b7dd382809176dcd21582') in 0.080739 seconds
  Import took 0.102768 seconds .

========================================================================
Received Prepare
Registering precompiled user dll's ...
Registered in 0.001867 seconds.
Begin MonoManager ReloadAssembly
Native extension for WindowsStandalone target not found
Refreshing native plugins compatible for Editor in 1.63 ms, found 1 plugins.
Preloading 0 native plugins for Editor in 0.00 ms.
Invoked RoslynAnalysisRunner static constructor.
RoslynAnalysisRunner will not be running.
RoslynAnalysisRunner has terminated.
Mono: successfully reloaded assembly
- Completed reload, in  2.886 seconds
Platform modules already initialized, skipping
Refreshing native plugins compatible for Editor in 8.52 ms, found 1 plugins.
Preloading 0 native plugins for Editor in 0.00 ms.
Unloading 1801 Unused Serialized files (Serialized files now loaded: 0)
System memory in use before: 88.7 MB.
System memory in use after: 88.7 MB.

Unloading 12 unused Assets to reduce memory usage. Loaded Objects now: 2281.
Total: 29.694100 ms (FindLiveObjects: 2.834400 ms CreateObjectMapping: 22.169200 ms MarkObjects: 4.403900 ms  DeleteObjects: 0.281500 ms)

========================================================================
Received Prepare
Registering precompiled user dll's ...
Registered in 0.001845 seconds.
Begin MonoManager ReloadAssembly
Native extension for WindowsStandalone target not found
Refreshing native plugins compatible for Editor in 0.78 ms, found 1 plugins.
Preloading 0 native plugins for Editor in 0.00 ms.
Invoked RoslynAnalysisRunner static constructor.
RoslynAnalysisRunner will not be running.
RoslynAnalysisRunner has terminated.
Mono: successfully reloaded assembly
- Completed reload, in  3.918 seconds
Platform modules already initialized, skipping
Refreshing native plugins compatible for Editor in 1.39 ms, found 1 plugins.
Preloading 0 native plugins for Editor in 0.00 ms.
Unloading 1801 Unused Serialized files (Serialized files now loaded: 0)
System memory in use before: 88.7 MB.
System memory in use after: 88.7 MB.

Unloading 12 unused Assets to reduce memory usage. Loaded Objects now: 2285.
Total: 9.460400 ms (FindLiveObjects: 2.530500 ms CreateObjectMapping: 0.226200 ms MarkObjects: 6.453800 ms  DeleteObjects: 0.246500 ms)

========================================================================
Received Prepare
Registering precompiled user dll's ...
Registered in 0.004495 seconds.
Begin MonoManager ReloadAssembly
Native extension for WindowsStandalone target not found
Refreshing native plugins compatible for Editor in 0.89 ms, found 1 plugins.
Preloading 0 native plugins for Editor in 0.00 ms.
Invoked RoslynAnalysisRunner static constructor.
RoslynAnalysisRunner will not be running.
RoslynAnalysisRunner has terminated.
Mono: successfully reloaded assembly
- Completed reload, in  2.836 seconds
Platform modules already initialized, skipping
Refreshing native plugins compatible for Editor in 0.96 ms, found 1 plugins.
Preloading 0 native plugins for Editor in 0.00 ms.
Unloading 1801 Unused Serialized files (Serialized files now loaded: 0)
System memory in use before: 88.7 MB.
System memory in use after: 88.7 MB.

Unloading 12 unused Assets to reduce memory usage. Loaded Objects now: 2289.
Total: 4.153900 ms (FindLiveObjects: 0.596400 ms CreateObjectMapping: 0.290000 ms MarkObjects: 3.074500 ms  DeleteObjects: 0.189800 ms)

========================================================================
Received Prepare
Registering precompiled user dll's ...
Registered in 0.002017 seconds.
Begin MonoManager ReloadAssembly
Native extension for WindowsStandalone target not found
Refreshing native plugins compatible for Editor in 0.58 ms, found 1 plugins.
Preloading 0 native plugins for Editor in 0.00 ms.
Invoked RoslynAnalysisRunner static constructor.
RoslynAnalysisRunner will not be running.
RoslynAnalysisRunner has terminated.
Mono: successfully reloaded assembly
- Completed reload, in  2.610 seconds
Platform modules already initialized, skipping
Refreshing native plugins compatible for Editor in 1.38 ms, found 1 plugins.
Preloading 0 native plugins for Editor in 0.00 ms.
Unloading 1801 Unused Serialized files (Serialized files now loaded: 0)
System memory in use before: 88.8 MB.
System memory in use after: 88.8 MB.

Unloading 12 unused Assets to reduce memory usage. Loaded Objects now: 2293.
Total: 5.841400 ms (FindLiveObjects: 0.618100 ms CreateObjectMapping: 0.265200 ms MarkObjects: 4.684500 ms  DeleteObjects: 0.270700 ms)

========================================================================
Received Import Request.
  Time since last request: 380.717275 seconds.
  path: Assets/Sprites/Monsters/Monster Orange/Idle
  artifactKey: Guid(ca0817c2ff6c28943b63642924692369) Importer(815301076,1909f56bfc062723c751e8b465ee728b)
Start importing Assets/Sprites/Monsters/Monster Orange/Idle using Guid(ca0817c2ff6c28943b63642924692369) Importer(815301076,1909f56bfc062723c751e8b465ee728b)  -> (artifact id: '1a2ca4ed4077fabd3ccb747772399c5f') in 0.027242 seconds
  Import took 0.041748 seconds .

========================================================================
Received Import Request.
  Time since last request: 18.997029 seconds.
  path: Assets/Sprites/Monsters/Monster Orange/Idle/frame-1.png
  artifactKey: Guid(a7828365b82f3d345ba8ec152d11ddd6) Importer(815301076,1909f56bfc062723c751e8b465ee728b)
Start importing Assets/Sprites/Monsters/Monster Orange/Idle/frame-1.png using Guid(a7828365b82f3d345ba8ec152d11ddd6) Importer(815301076,1909f56bfc062723c751e8b465ee728b)  -> (artifact id: '0c187958066d498ac6286883961fed36') in 0.132057 seconds
  Import took 0.140244 seconds .

========================================================================
Received Import Request.
  Time since last request: 6.916701 seconds.
  path: Assets/Sprites/Monsters/Monster Dark Blue/Idle
  artifactKey: Guid(fcdfe97ad87c2cb499a00157f2639c61) Importer(815301076,1909f56bfc062723c751e8b465ee728b)
Start importing Assets/Sprites/Monsters/Monster Dark Blue/Idle using Guid(fcdfe97ad87c2cb499a00157f2639c61) Importer(815301076,1909f56bfc062723c751e8b465ee728b)  -> (artifact id: 'fbd71a3b21ce7aabee1b7588d963b134') in 0.028682 seconds
  Import took 0.035586 seconds .

========================================================================
Received Import Request.
  Time since last request: 23.631900 seconds.
  path: Assets/Sprites/Monsters/Monster Dark Blue/Got Hit/frame.png
  artifactKey: Guid(70bba1b473ff22b41834db06ad0eef1a) Importer(815301076,1909f56bfc062723c751e8b465ee728b)
Start importing Assets/Sprites/Monsters/Monster Dark Blue/Got Hit/frame.png using Guid(70bba1b473ff22b41834db06ad0eef1a) Importer(815301076,1909f56bfc062723c751e8b465ee728b)  -> (artifact id: 'a5c0234d9d94224aed26b00ed39ab789') in 0.032010 seconds
  Import took 0.056455 seconds .

========================================================================
Received Import Request.
  Time since last request: 5.545762 seconds.
  path: Assets/Sprites/Monsters/Monster Blue/Idle
  artifactKey: Guid(b51afa11b0f86c046a42e36ddf4e0e57) Importer(815301076,1909f56bfc062723c751e8b465ee728b)
Start importing Assets/Sprites/Monsters/Monster Blue/Idle using Guid(b51afa11b0f86c046a42e36ddf4e0e57) Importer(815301076,1909f56bfc062723c751e8b465ee728b)  -> (artifact id: 'b41825aca9c8324cb16ad8c146236504') in 0.019296 seconds
  Import took 0.036339 seconds .

========================================================================
Received Import Request.
  Time since last request: 18.141532 seconds.
  path: Assets/Sprites/Monsters/Monster Blue/Idle/frame-1.png
  artifactKey: Guid(ce409b30bc7d77749a604cb6f8740629) Importer(815301076,1909f56bfc062723c751e8b465ee728b)
Start importing Assets/Sprites/Monsters/Monster Blue/Idle/frame-1.png using Guid(ce409b30bc7d77749a604cb6f8740629) Importer(815301076,1909f56bfc062723c751e8b465ee728b)  -> (artifact id: '0de2fa2d8954d9542ae2e7d44802928e') in 0.080849 seconds
  Import took 0.097280 seconds .

========================================================================
Received Prepare
Registering precompiled user dll's ...
Registered in 0.002858 seconds.
Begin MonoManager ReloadAssembly
Native extension for WindowsStandalone target not found
Refreshing native plugins compatible for Editor in 0.56 ms, found 1 plugins.
Preloading 0 native plugins for Editor in 0.00 ms.
Invoked RoslynAnalysisRunner static constructor.
RoslynAnalysisRunner will not be running.
RoslynAnalysisRunner has terminated.
Mono: successfully reloaded assembly
- Completed reload, in  2.273 seconds
Platform modules already initialized, skipping
Refreshing native plugins compatible for Editor in 0.54 ms, found 1 plugins.
Preloading 0 native plugins for Editor in 0.00 ms.
Unloading 1802 Unused Serialized files (Serialized files now loaded: 0)
System memory in use before: 88.8 MB.
System memory in use after: 88.8 MB.

Unloading 12 unused Assets to reduce memory usage. Loaded Objects now: 2299.
Total: 3.122300 ms (FindLiveObjects: 0.527400 ms CreateObjectMapping: 0.137400 ms MarkObjects: 2.271000 ms  DeleteObjects: 0.183900 ms)

========================================================================
Received Prepare
Registering precompiled user dll's ...
Registered in 0.005699 seconds.
Begin MonoManager ReloadAssembly
Native extension for WindowsStandalone target not found
Refreshing native plugins compatible for Editor in 0.97 ms, found 1 plugins.
Preloading 0 native plugins for Editor in 0.00 ms.
Invoked RoslynAnalysisRunner static constructor.
RoslynAnalysisRunner will not be running.
RoslynAnalysisRunner has terminated.
Mono: successfully reloaded assembly
- Completed reload, in  2.438 seconds
Platform modules already initialized, skipping
Refreshing native plugins compatible for Editor in 1.86 ms, found 1 plugins.
Preloading 0 native plugins for Editor in 0.00 ms.
Unloading 1802 Unused Serialized files (Serialized files now loaded: 0)
System memory in use before: 88.8 MB.
System memory in use after: 88.8 MB.

Unloading 12 unused Assets to reduce memory usage. Loaded Objects now: 2303.
Total: 5.254400 ms (FindLiveObjects: 0.941200 ms CreateObjectMapping: 0.276200 ms MarkObjects: 3.733300 ms  DeleteObjects: 0.300700 ms)

========================================================================
Received Prepare
Registering precompiled user dll's ...
Registered in 0.335168 seconds.
Begin MonoManager ReloadAssembly
Native extension for WindowsStandalone target not found
Refreshing native plugins compatible for Editor in 0.77 ms, found 1 plugins.
Preloading 0 native plugins for Editor in 0.00 ms.
Invoked RoslynAnalysisRunner static constructor.
RoslynAnalysisRunner will not be running.
RoslynAnalysisRunner has terminated.
Mono: successfully reloaded assembly
- Completed reload, in 10.618 seconds
Platform modules already initialized, skipping
Refreshing native plugins compatible for Editor in 0.58 ms, found 1 plugins.
Preloading 0 native plugins for Editor in 0.00 ms.
Unloading 1802 Unused Serialized files (Serialized files now loaded: 0)
System memory in use before: 88.8 MB.
System memory in use after: 88.8 MB.

Unloading 12 unused Assets to reduce memory usage. Loaded Objects now: 2307.
Total: 4.670900 ms (FindLiveObjects: 0.419800 ms CreateObjectMapping: 0.137500 ms MarkObjects: 3.904600 ms  DeleteObjects: 0.205600 ms)

========================================================================
Received Prepare
Registering precompiled user dll's ...
Registered in 0.003106 seconds.
Begin MonoManager ReloadAssembly
Native extension for WindowsStandalone target not found
Refreshing native plugins compatible for Editor in 0.60 ms, found 1 plugins.
Preloading 0 native plugins for Editor in 0.00 ms.
Invoked RoslynAnalysisRunner static constructor.
RoslynAnalysisRunner will not be running.
RoslynAnalysisRunner has terminated.
Mono: successfully reloaded assembly
- Completed reload, in  2.082 seconds
Platform modules already initialized, skipping
Refreshing native plugins compatible for Editor in 0.54 ms, found 1 plugins.
Preloading 0 native plugins for Editor in 0.00 ms.
Unloading 1802 Unused Serialized files (Serialized files now loaded: 0)
System memory in use before: 88.8 MB.
System memory in use after: 88.8 MB.

Unloading 12 unused Assets to reduce memory usage. Loaded Objects now: 2311.
Total: 3.116000 ms (FindLiveObjects: 0.453700 ms CreateObjectMapping: 0.144400 ms MarkObjects: 2.289600 ms  DeleteObjects: 0.225100 ms)

========================================================================
Received Prepare
Registering precompiled user dll's ...
Registered in 0.003132 seconds.
Begin MonoManager ReloadAssembly
Native extension for WindowsStandalone target not found
Refreshing native plugins compatible for Editor in 0.70 ms, found 1 plugins.
Preloading 0 native plugins for Editor in 0.00 ms.
Invoked RoslynAnalysisRunner static constructor.
RoslynAnalysisRunner will not be running.
RoslynAnalysisRunner has terminated.
Mono: successfully reloaded assembly
- Completed reload, in  3.606 seconds
Platform modules already initialized, skipping
Refreshing native plugins compatible for Editor in 1.13 ms, found 1 plugins.
Preloading 0 native plugins for Editor in 0.00 ms.
Unloading 1802 Unused Serialized files (Serialized files now loaded: 0)
System memory in use before: 88.9 MB.
System memory in use after: 88.8 MB.

Unloading 12 unused Assets to reduce memory usage. Loaded Objects now: 2315.
Total: 7.139800 ms (FindLiveObjects: 0.865400 ms CreateObjectMapping: 0.334900 ms MarkObjects: 5.680700 ms  DeleteObjects: 0.256000 ms)

AssetImportWorkerClient::OnTransportError - code=2 error=End of file
